
> softgen-firebase-starter@0.1.0 dev
> next dev

  ▲ Next.js 14.2.13
  - Local:        http://localhost:3000

 ✓ Starting...
 ✓ Ready in 1908ms
 ○ Compiling / ...
 ✓ Compiled / in 1801ms (269 modules)
 ✓ Compiled in 176ms (269 modules)
 GET / 200 in 2064ms
[?25h

> softgen-firebase-starter@0.1.0 dev
> next dev

  ▲ Next.js 14.2.13
  - Local:        http://localhost:3000

 ✓ Starting...
 ✓ Ready in 1762ms
 ○ Compiling / ...
 ✓ Compiled / in 1136ms (269 modules)
 ✓ Compiled in 206ms (269 modules)
 GET / 200 in 1439ms
 GET / 200 in 12ms
 GET / 200 in 9ms
 GET / 200 in 7ms
[?25h
{"message":"\n> softgen-firebase-starter@0.1.0 dev\n> next dev\n\n","timestamp":"2025-03-22T11:53:53","type":"out","process_id":0,"app_name":"ytpanel"}
{"message":"\u001b[?25h","timestamp":"2025-03-22T11:53:53","type":"out","process_id":0,"app_name":"ytpanel"}
{"message":"\n","timestamp":"2025-03-22T11:53:53","type":"out","process_id":0,"app_name":"ytpanel"}
{"message":"npm process exited with code 0\n","timestamp":"2025-03-22T11:53:53","type":"out","process_id":0,"app_name":"ytpanel"}
{"message":"\n> softgen-firebase-starter@0.1.0 dev\n> next dev\n\n","timestamp":"2025-03-22T11:53:54","type":"out","process_id":0,"app_name":"ytpanel"}
{"message":"\u001b[?25h","timestamp":"2025-03-22T11:53:54","type":"out","process_id":0,"app_name":"ytpanel"}
{"message":"\n","timestamp":"2025-03-22T11:53:54","type":"out","process_id":0,"app_name":"ytpanel"}
{"message":"npm process exited with code 0\n","timestamp":"2025-03-22T11:53:54","type":"out","process_id":0,"app_name":"ytpanel"}
{"message":"\n> softgen-firebase-starter@0.1.0 dev\n> next dev\n\n","timestamp":"2025-03-22T11:53:55","type":"out","process_id":0,"app_name":"ytpanel"}
{"message":"\u001b[?25h","timestamp":"2025-03-22T11:53:55","type":"out","process_id":0,"app_name":"ytpanel"}
{"message":"\n","timestamp":"2025-03-22T11:53:55","type":"out","process_id":0,"app_name":"ytpanel"}
{"message":"npm process exited with code 0\n","timestamp":"2025-03-22T11:53:55","type":"out","process_id":0,"app_name":"ytpanel"}
{"message":"\n> softgen-firebase-starter@0.1.0 dev\n> next dev\n\n","timestamp":"2025-03-22T11:53:56","type":"out","process_id":0,"app_name":"ytpanel"}
{"message":"\u001b[?25h","timestamp":"2025-03-22T11:53:56","type":"out","process_id":0,"app_name":"ytpanel"}
{"message":"\n","timestamp":"2025-03-22T11:53:56","type":"out","process_id":0,"app_name":"ytpanel"}
{"message":"npm process exited with code 0\n","timestamp":"2025-03-22T11:53:56","type":"out","process_id":0,"app_name":"ytpanel"}
{"message":"\n> softgen-firebase-starter@0.1.0 dev\n> next dev\n\n","timestamp":"2025-03-22T11:53:57","type":"out","process_id":0,"app_name":"ytpanel"}
{"message":"\u001b[?25h","timestamp":"2025-03-22T11:53:58","type":"out","process_id":0,"app_name":"ytpanel"}
{"message":"\n","timestamp":"2025-03-22T11:53:58","type":"out","process_id":0,"app_name":"ytpanel"}
{"message":"npm process exited with code 0\n","timestamp":"2025-03-22T11:53:58","type":"out","process_id":0,"app_name":"ytpanel"}
{"message":"No process found on port 3000\n","timestamp":"2025-03-22T11:56:00","type":"out","process_id":0,"app_name":"ytpanel"}
{"message":"\n> softgen-firebase-starter@0.1.0 dev\n> next dev\n\n","timestamp":"2025-03-22T11:56:02","type":"out","process_id":0,"app_name":"ytpanel"}
{"message":"\u001b[?25h","timestamp":"2025-03-22T11:56:02","type":"out","process_id":0,"app_name":"ytpanel"}
{"message":"\n","timestamp":"2025-03-22T11:56:02","type":"out","process_id":0,"app_name":"ytpanel"}
{"message":"npm process exited with code 0\n","timestamp":"2025-03-22T11:56:02","type":"out","process_id":0,"app_name":"ytpanel"}
{"message":"No process found on port 3000\n","timestamp":"2025-03-22T11:56:03","type":"out","process_id":0,"app_name":"ytpanel"}
{"message":"\n> softgen-firebase-starter@0.1.0 dev\n> next dev\n\n","timestamp":"2025-03-22T11:56:04","type":"out","process_id":0,"app_name":"ytpanel"}
{"message":"\u001b[?25h","timestamp":"2025-03-22T11:56:05","type":"out","process_id":0,"app_name":"ytpanel"}
{"message":"\n","timestamp":"2025-03-22T11:56:05","type":"out","process_id":0,"app_name":"ytpanel"}
{"message":"npm process exited with code 0\n","timestamp":"2025-03-22T11:56:05","type":"out","process_id":0,"app_name":"ytpanel"}
{"message":"No process found on port 3000\n","timestamp":"2025-03-22T11:56:05","type":"out","process_id":0,"app_name":"ytpanel"}
{"message":"\n> softgen-firebase-starter@0.1.0 dev\n> next dev\n\n","timestamp":"2025-03-22T11:56:07","type":"out","process_id":0,"app_name":"ytpanel"}
{"message":"\u001b[?25h","timestamp":"2025-03-22T11:56:07","type":"out","process_id":0,"app_name":"ytpanel"}
{"message":"\n","timestamp":"2025-03-22T11:56:07","type":"out","process_id":0,"app_name":"ytpanel"}
{"message":"npm process exited with code 0\n","timestamp":"2025-03-22T11:56:07","type":"out","process_id":0,"app_name":"ytpanel"}
{"message":"No process found on port 3000\n","timestamp":"2025-03-22T11:56:08","type":"out","process_id":0,"app_name":"ytpanel"}
{"message":"\n> softgen-firebase-starter@0.1.0 dev\n> next dev\n\n","timestamp":"2025-03-22T11:56:09","type":"out","process_id":0,"app_name":"ytpanel"}
{"message":"\u001b[?25h","timestamp":"2025-03-22T11:56:10","type":"out","process_id":0,"app_name":"ytpanel"}
{"message":"\n","timestamp":"2025-03-22T11:56:10","type":"out","process_id":0,"app_name":"ytpanel"}
{"message":"npm process exited with code 0\n","timestamp":"2025-03-22T11:56:10","type":"out","process_id":0,"app_name":"ytpanel"}
{"message":"No process found on port 3000\n","timestamp":"2025-03-22T11:56:11","type":"out","process_id":0,"app_name":"ytpanel"}
{"message":"\n> softgen-firebase-starter@0.1.0 dev\n> next dev\n\n","timestamp":"2025-03-22T11:56:12","type":"out","process_id":0,"app_name":"ytpanel"}
{"message":"\u001b[?25h","timestamp":"2025-03-22T11:56:13","type":"out","process_id":0,"app_name":"ytpanel"}
{"message":"\n","timestamp":"2025-03-22T11:56:13","type":"out","process_id":0,"app_name":"ytpanel"}
{"message":"npm process exited with code 0\n","timestamp":"2025-03-22T11:56:13","type":"out","process_id":0,"app_name":"ytpanel"}
{"message":"Starting Next.js restart process...\n","timestamp":"2025-03-22T11:57:27","type":"out","process_id":0,"app_name":"ytpanel"}
{"message":"Checking for processes on port 3000\n","timestamp":"2025-03-22T11:57:27","type":"out","process_id":0,"app_name":"ytpanel"}
{"message":"Netstat output:   TCP    0.0.0.0:3000           0.0.0.0:0              LISTENING       19324\r\n  TCP    [::]:3000              [::]:0                 LISTENING       19324\r\n  TCP    [::1]:3000             [::1]:14652            FIN_WAIT_2      19324\r\n  TCP    [::1]:3000             [::1]:14812            ESTABLISHED     19324\r\n  TCP    [::1]:3000             [::1]:14813            FIN_WAIT_2      19324\r\n  TCP    [::1]:3000             [::1]:14814            ESTABLISHED     19324\r\n  TCP    [::1]:3000             [::1]:14815            FIN_WAIT_2      19324\r\n  TCP    [::1]:3000             [::1]:14816            ESTABLISHED     19324\r\n  TCP    [::1]:3000             [::1]:14817            ESTABLISHED     19324\r\n  TCP    [::1]:14652            [::1]:3000             CLOSE_WAIT      16280\r\n  TCP    [::1]:14812            [::1]:3000             ESTABLISHED     16280\r\n  TCP    [::1]:14813            [::1]:3000             CLOSE_WAIT      16280\r\n  TCP    [::1]:14814            [::1]:3000             ESTABLISHED     16280\r\n  TCP    [::1]:14815            [::1]:3000             CLOSE_WAIT      16280\r\n  TCP    [::1]:14816            [::1]:3000             ESTABLISHED     16280\r\n  TCP    [::1]:14817            [::1]:3000             ESTABLISHED     16280\r\n\n","timestamp":"2025-03-22T11:57:27","type":"out","process_id":0,"app_name":"ytpanel"}
{"message":"Found process LISTENING on port 3000\n","timestamp":"2025-03-22T11:57:27","type":"out","process_id":0,"app_name":"ytpanel"}
{"message":"Failed to gracefully kill process LISTENING, forcing...\n","timestamp":"2025-03-22T11:57:27","type":"out","process_id":0,"app_name":"ytpanel"}
{"message":"No process found on port 3000\n","timestamp":"2025-03-22T11:57:28","type":"out","process_id":0,"app_name":"ytpanel"}
{"message":"Waiting for port to be fully released...\n","timestamp":"2025-03-22T11:57:28","type":"out","process_id":0,"app_name":"ytpanel"}
{"message":"Starting Next.js...\n","timestamp":"2025-03-22T11:57:30","type":"out","process_id":0,"app_name":"ytpanel"}
{"message":"\n> softgen-firebase-starter@0.1.0 dev\n> next dev\n\n","timestamp":"2025-03-22T11:57:30","type":"out","process_id":0,"app_name":"ytpanel"}
{"message":"\u001b[?25h","timestamp":"2025-03-22T11:57:30","type":"out","process_id":0,"app_name":"ytpanel"}
{"message":"\n","timestamp":"2025-03-22T11:57:30","type":"out","process_id":0,"app_name":"ytpanel"}
{"message":"npm process exited with code 0\n","timestamp":"2025-03-22T11:57:30","type":"out","process_id":0,"app_name":"ytpanel"}
{"message":"Starting Next.js restart process...\n","timestamp":"2025-03-22T11:57:31","type":"out","process_id":0,"app_name":"ytpanel"}
{"message":"Checking for processes on port 3000\n","timestamp":"2025-03-22T11:57:31","type":"out","process_id":0,"app_name":"ytpanel"}
{"message":"Netstat output:   TCP    0.0.0.0:3000           0.0.0.0:0              LISTENING       19324\r\n  TCP    [::]:3000              [::]:0                 LISTENING       19324\r\n  TCP    [::1]:3000             [::1]:14652            TIME_WAIT       0\r\n  TCP    [::1]:3000             [::1]:14812            ESTABLISHED     19324\r\n  TCP    [::1]:3000             [::1]:14813            TIME_WAIT       0\r\n  TCP    [::1]:3000             [::1]:14814            ESTABLISHED     19324\r\n  TCP    [::1]:3000             [::1]:14815            TIME_WAIT       0\r\n  TCP    [::1]:3000             [::1]:14816            ESTABLISHED     19324\r\n  TCP    [::1]:3000             [::1]:14817            ESTABLISHED     19324\r\n  TCP    [::1]:14812            [::1]:3000             ESTABLISHED     16280\r\n  TCP    [::1]:14814            [::1]:3000             ESTABLISHED     16280\r\n  TCP    [::1]:14816            [::1]:3000             ESTABLISHED     16280\r\n  TCP    [::1]:14817            [::1]:3000             ESTABLISHED     16280\r\n\n","timestamp":"2025-03-22T11:57:31","type":"out","process_id":0,"app_name":"ytpanel"}
{"message":"Found process LISTENING on port 3000\n","timestamp":"2025-03-22T11:57:31","type":"out","process_id":0,"app_name":"ytpanel"}
{"message":"Failed to gracefully kill process LISTENING, forcing...\n","timestamp":"2025-03-22T11:57:31","type":"out","process_id":0,"app_name":"ytpanel"}
{"message":"No process found on port 3000\n","timestamp":"2025-03-22T11:57:31","type":"out","process_id":0,"app_name":"ytpanel"}
{"message":"Waiting for port to be fully released...\n","timestamp":"2025-03-22T11:57:31","type":"out","process_id":0,"app_name":"ytpanel"}
{"message":"Starting Next.js...\n","timestamp":"2025-03-22T11:57:33","type":"out","process_id":0,"app_name":"ytpanel"}
{"message":"\n> softgen-firebase-starter@0.1.0 dev\n> next dev\n\n","timestamp":"2025-03-22T11:57:34","type":"out","process_id":0,"app_name":"ytpanel"}
{"message":"\u001b[?25h","timestamp":"2025-03-22T11:57:34","type":"out","process_id":0,"app_name":"ytpanel"}
{"message":"\n","timestamp":"2025-03-22T11:57:34","type":"out","process_id":0,"app_name":"ytpanel"}
{"message":"npm process exited with code 0\n","timestamp":"2025-03-22T11:57:34","type":"out","process_id":0,"app_name":"ytpanel"}
{"message":"Starting Next.js restart process...\n","timestamp":"2025-03-22T11:57:34","type":"out","process_id":0,"app_name":"ytpanel"}
{"message":"Checking for processes on port 3000\n","timestamp":"2025-03-22T11:57:34","type":"out","process_id":0,"app_name":"ytpanel"}
{"message":"Netstat output:   TCP    0.0.0.0:3000           0.0.0.0:0              LISTENING       19324\r\n  TCP    [::]:3000              [::]:0                 LISTENING       19324\r\n  TCP    [::1]:3000             [::1]:14652            TIME_WAIT       0\r\n  TCP    [::1]:3000             [::1]:14812            ESTABLISHED     19324\r\n  TCP    [::1]:3000             [::1]:14813            TIME_WAIT       0\r\n  TCP    [::1]:3000             [::1]:14814            ESTABLISHED     19324\r\n  TCP    [::1]:3000             [::1]:14815            TIME_WAIT       0\r\n  TCP    [::1]:3000             [::1]:14816            ESTABLISHED     19324\r\n  TCP    [::1]:3000             [::1]:14817            ESTABLISHED     19324\r\n  TCP    [::1]:14812            [::1]:3000             ESTABLISHED     16280\r\n  TCP    [::1]:14814            [::1]:3000             ESTABLISHED     16280\r\n  TCP    [::1]:14816            [::1]:3000             ESTABLISHED     16280\r\n  TCP    [::1]:14817            [::1]:3000             ESTABLISHED     16280\r\n\n","timestamp":"2025-03-22T11:57:35","type":"out","process_id":0,"app_name":"ytpanel"}
{"message":"Found process LISTENING on port 3000\n","timestamp":"2025-03-22T11:57:35","type":"out","process_id":0,"app_name":"ytpanel"}
{"message":"Failed to gracefully kill process LISTENING, forcing...\n","timestamp":"2025-03-22T11:57:35","type":"out","process_id":0,"app_name":"ytpanel"}
{"message":"No process found on port 3000\nWaiting for port to be fully released...\n","timestamp":"2025-03-22T11:57:35","type":"out","process_id":0,"app_name":"ytpanel"}
{"message":"Starting Next.js...\n","timestamp":"2025-03-22T11:57:37","type":"out","process_id":0,"app_name":"ytpanel"}
{"message":"\n> softgen-firebase-starter@0.1.0 dev\n> next dev\n\n","timestamp":"2025-03-22T11:57:37","type":"out","process_id":0,"app_name":"ytpanel"}
{"message":"\u001b[?25h","timestamp":"2025-03-22T11:57:38","type":"out","process_id":0,"app_name":"ytpanel"}
{"message":"\n","timestamp":"2025-03-22T11:57:38","type":"out","process_id":0,"app_name":"ytpanel"}
{"message":"npm process exited with code 0\n","timestamp":"2025-03-22T11:57:38","type":"out","process_id":0,"app_name":"ytpanel"}
{"message":"Starting Next.js restart process...\n","timestamp":"2025-03-22T11:57:38","type":"out","process_id":0,"app_name":"ytpanel"}
{"message":"Checking for processes on port 3000\n","timestamp":"2025-03-22T11:57:38","type":"out","process_id":0,"app_name":"ytpanel"}
{"message":"Netstat output:   TCP    0.0.0.0:3000           0.0.0.0:0              LISTENING       19324\r\n  TCP    [::]:3000              [::]:0                 LISTENING       19324\r\n  TCP    [::1]:3000             [::1]:14652            TIME_WAIT       0\r\n  TCP    [::1]:3000             [::1]:14812            ESTABLISHED     19324\r\n  TCP    [::1]:3000             [::1]:14813            TIME_WAIT       0\r\n  TCP    [::1]:3000             [::1]:14814            ESTABLISHED     19324\r\n  TCP    [::1]:3000             [::1]:14815            TIME_WAIT       0\r\n  TCP    [::1]:3000             [::1]:14816            ESTABLISHED     19324\r\n  TCP    [::1]:3000             [::1]:14817            ESTABLISHED     19324\r\n  TCP    [::1]:14812            [::1]:3000             ESTABLISHED     16280\r\n  TCP    [::1]:14814            [::1]:3000             ESTABLISHED     16280\r\n  TCP    [::1]:14816            [::1]:3000             ESTABLISHED     16280\r\n  TCP    [::1]:14817            [::1]:3000             ESTABLISHED     16280\r\n\n","timestamp":"2025-03-22T11:57:38","type":"out","process_id":0,"app_name":"ytpanel"}
{"message":"Found process LISTENING on port 3000\n","timestamp":"2025-03-22T11:57:38","type":"out","process_id":0,"app_name":"ytpanel"}
{"message":"Failed to gracefully kill process LISTENING, forcing...\n","timestamp":"2025-03-22T11:57:39","type":"out","process_id":0,"app_name":"ytpanel"}
{"message":"No process found on port 3000\n","timestamp":"2025-03-22T11:57:39","type":"out","process_id":0,"app_name":"ytpanel"}
{"message":"Waiting for port to be fully released...\n","timestamp":"2025-03-22T11:57:39","type":"out","process_id":0,"app_name":"ytpanel"}
{"message":"Starting Next.js...\n","timestamp":"2025-03-22T11:57:41","type":"out","process_id":0,"app_name":"ytpanel"}
{"message":"\n> softgen-firebase-starter@0.1.0 dev\n> next dev\n\n","timestamp":"2025-03-22T11:57:41","type":"out","process_id":0,"app_name":"ytpanel"}
{"message":"\u001b[?25h","timestamp":"2025-03-22T11:57:42","type":"out","process_id":0,"app_name":"ytpanel"}
{"message":"\n","timestamp":"2025-03-22T11:57:42","type":"out","process_id":0,"app_name":"ytpanel"}
{"message":"npm process exited with code 0\n","timestamp":"2025-03-22T11:57:42","type":"out","process_id":0,"app_name":"ytpanel"}
{"message":"Starting Next.js restart process...\n","timestamp":"2025-03-22T11:57:42","type":"out","process_id":0,"app_name":"ytpanel"}
{"message":"Checking for processes on port 3000\n","timestamp":"2025-03-22T11:57:42","type":"out","process_id":0,"app_name":"ytpanel"}
{"message":"Netstat output:   TCP    0.0.0.0:3000           0.0.0.0:0              LISTENING       19324\r\n  TCP    [::]:3000              [::]:0                 LISTENING       19324\r\n  TCP    [::1]:3000             [::1]:14652            TIME_WAIT       0\r\n  TCP    [::1]:3000             [::1]:14812            ESTABLISHED     19324\r\n  TCP    [::1]:3000             [::1]:14813            TIME_WAIT       0\r\n  TCP    [::1]:3000             [::1]:14814            ESTABLISHED     19324\r\n  TCP    [::1]:3000             [::1]:14815            TIME_WAIT       0\r\n  TCP    [::1]:3000             [::1]:14816            ESTABLISHED     19324\r\n  TCP    [::1]:3000             [::1]:14817            ESTABLISHED     19324\r\n  TCP    [::1]:14812            [::1]:3000             ESTABLISHED     16280\r\n  TCP    [::1]:14814            [::1]:3000             ESTABLISHED     16280\r\n  TCP    [::1]:14816            [::1]:3000             ESTABLISHED     16280\r\n  TCP    [::1]:14817            [::1]:3000             ESTABLISHED     16280\r\n\n","timestamp":"2025-03-22T11:57:42","type":"out","process_id":0,"app_name":"ytpanel"}
{"message":"Found process LISTENING on port 3000\n","timestamp":"2025-03-22T11:57:42","type":"out","process_id":0,"app_name":"ytpanel"}
{"message":"Failed to gracefully kill process LISTENING, forcing...\n","timestamp":"2025-03-22T11:57:43","type":"out","process_id":0,"app_name":"ytpanel"}
{"message":"No process found on port 3000\n","timestamp":"2025-03-22T11:57:43","type":"out","process_id":0,"app_name":"ytpanel"}
{"message":"Waiting for port to be fully released...\n","timestamp":"2025-03-22T11:57:43","type":"out","process_id":0,"app_name":"ytpanel"}
{"message":"Starting Next.js...\n","timestamp":"2025-03-22T11:57:45","type":"out","process_id":0,"app_name":"ytpanel"}
{"message":"\n> softgen-firebase-starter@0.1.0 dev\n> next dev\n\n","timestamp":"2025-03-22T11:57:45","type":"out","process_id":0,"app_name":"ytpanel"}
{"message":"\u001b[?25h","timestamp":"2025-03-22T11:57:46","type":"out","process_id":0,"app_name":"ytpanel"}
{"message":"\n","timestamp":"2025-03-22T11:57:46","type":"out","process_id":0,"app_name":"ytpanel"}
{"message":"npm process exited with code 0\n","timestamp":"2025-03-22T11:57:46","type":"out","process_id":0,"app_name":"ytpanel"}
